<?xml version="1.0" encoding="UTF-8"?>
<!-- Generated by org.testng.reporters.JUnitXMLReporter -->
<testsuite ignored="0" hostname="DESKTOP-6LJCPTQ" failures="1" tests="3" name="loginPageTest" time="36.232" errors="0" timestamp="2022-11-06T21:13:38 EST">
  <testcase classname="testCases.loginPageTest" name="doLoginTest" time="8.815"/>
  <testcase classname="testCases.loginPageTest" name="doLogoutTest" time="12.093"/>
  <testcase classname="testCases.loginPageTest" name="doLoginTestNegative" time="3.024">
    <failure type="java.lang.AssertionError" message="Homepage is not displayed after login...something went wrong!! expected object to not be null">
      <![CDATA[java.lang.AssertionError: Homepage is not displayed after login...something went wrong!! expected object to not be null
at testCases.loginPageTest.doLoginTestNegative(loginPageTest.java:56)
at java.base/java.util.ArrayList.forEach(ArrayList.java:1511)
at java.base/java.util.concurrent.FutureTask.run(FutureTask.java:264)
at java.base/java.util.concurrent.ThreadPoolExecutor.runWorker(ThreadPoolExecutor.java:1130)
at java.base/java.util.concurrent.ThreadPoolExecutor$Worker.run(ThreadPoolExecutor.java:630)
at java.base/java.lang.Thread.run(Thread.java:831)
... Removed 19 stack frames]]>
    </failure>
  </testcase> <!-- doLoginTestNegative -->
</testsuite> <!-- loginPageTest -->
