<?xml version="1.0" encoding="UTF-8"?>
<!-- Generated by org.testng.reporters.JUnitXMLReporter -->
<testsuite ignored="1" hostname="DESKTOP-6LJCPTQ" failures="0" tests="3" name="SmokeTest2" time="43.526" errors="0" timestamp="2022-10-29T13:16:14 EDT">
  <testcase classname="testCases.indexPageTest" name="verifyLogo" time="0.06"/>
  <testcase classname="testCases.indexPageTest" name="verifyTitle" time="0.009"/>
  <testcase classname="testCases.indexPageTest" name="clickOnSignInTest" time="25.786"/>
  <testcase classname="testCases.indexPageTest" name="searchProductTest" time="0.0">
    <ignored/>
  </testcase> <!-- searchProductTest -->
</testsuite> <!-- SmokeTest2 -->
