<?xml version="1.0" encoding="UTF-8"?>
<!-- Generated by org.testng.reporters.JUnitXMLReporter -->
<testsuite ignored="1" hostname="DESKTOP-6LJCPTQ" failures="0" tests="3" name="SmokeTest" time="14.71" errors="0" timestamp="2022-10-27T15:48:52 EDT">
  <testcase classname="testCases.indexPageTest" name="verifyLogo" time="0.094"/>
  <testcase classname="testCases.indexPageTest" name="verifyTitle" time="0.007"/>
  <testcase classname="testCases.indexPageTest" name="clickOnSignInTest" time="10.248"/>
  <testcase classname="testCases.indexPageTest" name="searchProductTest" time="0.0">
    <ignored/>
  </testcase> <!-- searchProductTest -->
</testsuite> <!-- SmokeTest -->
