<?xml version="1.0" encoding="UTF-8"?>
<!-- Generated by org.testng.reporters.JUnitXMLReporter -->
<testsuite ignored="1" hostname="DESKTOP-6LJCPTQ" failures="0" tests="3" name="SmokeTest1" time="14.992" errors="0" timestamp="2022-10-29T14:44:28 EDT">
  <testcase classname="testCases.indexPageTest" name="verifyLogo" time="0.271"/>
  <testcase classname="testCases.indexPageTest" name="verifyTitle" time="0.012"/>
  <testcase classname="testCases.indexPageTest" name="clickOnSignInTest" time="7.438"/>
  <testcase classname="testCases.indexPageTest" name="searchProductTest" time="0.0">
    <ignored/>
  </testcase> <!-- searchProductTest -->
</testsuite> <!-- SmokeTest1 -->
