<?xml version="1.0" encoding="UTF-8"?>
<!-- Generated by org.testng.reporters.JUnitXMLReporter -->
<testsuite ignored="1" hostname="DESKTOP-6LJCPTQ" failures="0" tests="3" name="SmokeTest2" time="31.699" errors="0" timestamp="2022-10-31T16:03:23 EDT">
  <testcase classname="testCases.indexPageTest" name="verifyLogo" time="0.29"/>
  <testcase classname="testCases.indexPageTest" name="verifyTitle" time="0.013"/>
  <testcase classname="testCases.indexPageTest" name="clickOnSignInTest" time="21.838"/>
  <testcase classname="testCases.indexPageTest" name="searchProductTest" time="0.0">
    <ignored/>
  </testcase> <!-- searchProductTest -->
</testsuite> <!-- SmokeTest2 -->
