<?xml version="1.0" encoding="UTF-8"?>
<testng-results ignored="1" total="4" passed="3" failed="0" skipped="0">
  <reporter-output>
  </reporter-output>
  <suite started-at="2022-10-29T12:14:59 EDT" name="Suite" finished-at="2022-10-29T12:15:10 EDT" duration-ms="10859">
    <groups>
      <group name="Smoke">
        <method signature="indexPageTest.verifyLogo()[pri:0, instance:testCases.indexPageTest@291ae]" name="verifyLogo" class="testCases.indexPageTest"/>
        <method signature="indexPageTest.verifyTitle()[pri:1, instance:testCases.indexPageTest@291ae]" name="verifyTitle" class="testCases.indexPageTest"/>
        <method signature="indexPageTest.clickOnSignInTest()[pri:2, instance:testCases.indexPageTest@291ae]" name="clickOnSignInTest" class="testCases.indexPageTest"/>
      </group> <!-- Smoke -->
    </groups>
    <test started-at="2022-10-29T12:14:59 EDT" name="SmokeTest1" finished-at="2022-10-29T12:15:10 EDT" duration-ms="10859">
      <class name="testCases.indexPageTest">
        <test-method is-config="true" signature="loadConfig()[pri:0, instance:testCases.indexPageTest@291ae]" started-at="2022-10-29T12:14:59 EDT" name="loadConfig" finished-at="2022-10-29T12:14:59 EDT" duration-ms="199" status="PASS">
          <reporter-output>
          </reporter-output>
        </test-method> <!-- loadConfig -->
        <test-method is-config="true" signature="setup(java.lang.String)[pri:0, instance:testCases.indexPageTest@291ae]" started-at="2022-10-29T12:14:59 EDT" name="setup" finished-at="2022-10-29T12:15:05 EDT" duration-ms="6430" status="PASS">
          <params>
            <param index="0">
              <value>
                <![CDATA[Chrome]]>
              </value>
            </param>
          </params>
          <reporter-output>
          </reporter-output>
        </test-method> <!-- setup -->
        <test-method signature="verifyLogo()[pri:0, instance:testCases.indexPageTest@291ae]" started-at="2022-10-29T12:15:05 EDT" name="verifyLogo" finished-at="2022-10-29T12:15:05 EDT" duration-ms="97" status="PASS">
          <reporter-output>
          </reporter-output>
        </test-method> <!-- verifyLogo -->
        <test-method signature="verifyTitle()[pri:1, instance:testCases.indexPageTest@291ae]" started-at="2022-10-29T12:15:05 EDT" name="verifyTitle" finished-at="2022-10-29T12:15:05 EDT" duration-ms="6" status="PASS">
          <reporter-output>
          </reporter-output>
        </test-method> <!-- verifyTitle -->
        <test-method signature="clickOnSignInTest()[pri:2, instance:testCases.indexPageTest@291ae]" started-at="2022-10-29T12:15:05 EDT" name="clickOnSignInTest" finished-at="2022-10-29T12:15:09 EDT" duration-ms="4037" status="PASS">
          <reporter-output>
          </reporter-output>
        </test-method> <!-- clickOnSignInTest -->
        <test-method is-config="true" signature="tearDown()[pri:0, instance:testCases.indexPageTest@291ae]" started-at="2022-10-29T12:15:09 EDT" name="tearDown" finished-at="2022-10-29T12:15:10 EDT" duration-ms="251" status="PASS">
          <reporter-output>
          </reporter-output>
        </test-method> <!-- tearDown -->
        <test-method is-config="true" signature="afterSuite()[pri:0, instance:testCases.indexPageTest@291ae]" started-at="2022-10-29T12:15:10 EDT" name="afterSuite" finished-at="2022-10-29T12:15:10 EDT" duration-ms="357" status="PASS">
          <reporter-output>
          </reporter-output>
        </test-method> <!-- afterSuite -->
      </class> <!-- testCases.indexPageTest -->
    </test> <!-- SmokeTest1 -->
  </suite> <!-- Suite -->
</testng-results>
